2025-04-08 16:02:19,080 [main.py         | 28] INFO: Start to run instance_1
2025-04-08 16:02:19,080 [simulate_api.py | 60] INFO: Start time of the simulator: 2025-04-08 00:00:00, time interval:  600.00
2025-04-08 16:02:19,087 [input_utils.py  | 28] INFO: Get 154 factories
2025-04-08 16:02:19,944 [input_utils.py  | 32] INFO: Get 23562 routes
2025-04-08 16:02:19,962 [input_utils.py  | 37] INFO: Get 5 vehicles
2025-04-08 16:02:19,969 [input_utils.py  | 41] INFO: Get 50 orders
2025-04-08 16:02:19,970 [simulate_api.py | 87] INFO: Initial position of V_1 is e2d5093fbe36431f8986ddb0e1c586be
2025-04-08 16:02:19,970 [simulate_api.py | 87] INFO: Initial position of V_2 is 7fe14b93f0f04ee7a994ef5b2c1fdb72
2025-04-08 16:02:19,971 [simulate_api.py | 87] INFO: Initial position of V_3 is fa366fc87a124d32926daa5bb093129f
2025-04-08 16:02:19,971 [simulate_api.py | 87] INFO: Initial position of V_4 is e47399648fa842b2b8f80094343d8091
2025-04-08 16:02:19,971 [simulate_api.py | 87] INFO: Initial position of V_5 is becb4f85393540b287e7329758b8d832
2025-04-08 16:02:19,971 [simulate_environment.py | 99] INFO: **************************************************
2025-04-08 16:02:19,971 [simulate_environment.py | 103] INFO: cur time: 2025-04-08 00:10:00, pre time: 2025-04-08 00:00:00
2025-04-08 16:02:19,972 [simulate_environment.py | 140] INFO: Start to update the input of 2025-04-08 00:10:00
2025-04-08 16:02:19,972 [simulate_environment.py | 167] INFO: Get 1 unallocated order items, 0 ongoing order items, 0 completed order items
2025-04-08 16:02:21,623 [simulate_environment.py | 232] INFO: Cant initialize the population


V_1:[] V_2:[] V_3:[] V_4:[] V_5:[p1_0003480001-1 d1_0003480001-1]
V_1:[] V_2:[] V_3:[] V_4:[] V_5:[p1_0003480001-1 d1_0003480001-1]
After GA, the cost of solution decrease from 3.08 to 3.08
SUCCESS

2025-04-08 16:02:21,623 [simulate_environment.py | 243] ERROR: Output_json files from the algorithm is not the newest.
